SF:lib/blocs/auth/validators.dart
DA:2,3
DA:3,3
DA:5,6
DA:9,3
DA:10,3
DA:12,6
LF:6
LH:6
end_of_record
SF:lib/blocs/auth/bloc.dart
DA:12,1
DA:13,1
DA:16,1
DA:17,1
DA:20,1
DA:23,1
DA:24,2
DA:25,1
DA:26,2
DA:27,1
DA:28,2
DA:29,1
DA:30,2
DA:34,1
DA:36,3
DA:38,3
DA:39,3
DA:40,2
DA:42,2
DA:45,2
DA:49,1
DA:50,3
DA:51,3
DA:52,2
DA:55,1
DA:56,2
DA:57,2
DA:60,1
DA:61,2
DA:62,3
LF:30
LH:30
end_of_record
SF:lib/blocs/auth/event.dart
DA:4,2
DA:6,1
DA:7,1
LF:3
LH:3
end_of_record
SF:lib/blocs/auth/state.dart
DA:4,3
DA:6,2
DA:7,2
DA:15,3
DA:17,2
DA:18,6
DA:20,1
DA:21,3
DA:27,2
DA:29,2
DA:30,4
DA:32,1
DA:33,2
LF:13
LH:13
end_of_record
SF:lib/blocs/auth/login/bloc.dart
DA:18,2
DA:20,1
DA:21,1
DA:23,1
DA:29,2
DA:30,2
DA:32,2
DA:33,2
DA:34,2
DA:35,3
DA:39,1
DA:40,1
DA:41,3
DA:42,1
DA:43,3
DA:44,1
DA:45,2
DA:46,1
DA:47,2
DA:48,1
DA:49,1
DA:51,1
DA:52,2
DA:56,1
DA:57,1
DA:60,1
DA:62,1
DA:64,1
DA:67,1
DA:68,2
DA:69,2
DA:71,1
DA:75,1
DA:76,2
DA:77,2
DA:79,1
DA:83,1
DA:84,1
DA:86,2
DA:88,2
DA:92,1
DA:93,2
DA:94,2
DA:96,1
DA:100,1
DA:101,2
DA:102,2
DA:104,1
DA:108,1
DA:109,2
DA:110,2
DA:113,1
DA:117,2
DA:119,3
DA:120,2
DA:121,1
DA:123,2
DA:125,2
DA:127,2
DA:129,2
DA:132,2
DA:136,1
DA:137,2
DA:142,4
DA:143,2
DA:144,1
DA:146,2
DA:148,2
DA:150,2
LF:69
LH:69
end_of_record
SF:lib/blocs/auth/login/event.dart
DA:5,2
DA:7,1
DA:8,1
DA:14,2
DA:16,1
DA:17,2
DA:23,2
DA:25,1
DA:26,2
DA:35,2
DA:40,1
DA:41,3
DA:47,2
DA:49,1
DA:50,2
LF:15
LH:15
end_of_record
SF:lib/blocs/auth/login/state.dart
DA:4,1
DA:6,1
DA:7,1
DA:15,1
DA:17,1
DA:18,1
DA:27,1
DA:29,1
DA:30,1
DA:31,1
DA:32,1
DA:35,1
DA:36,1
LF:13
LH:13
end_of_record
SF:lib/blocs/auth/signup/bloc.dart
DA:19,2
DA:21,1
DA:22,1
DA:24,1
DA:30,2
DA:31,2
DA:33,2
DA:34,2
DA:35,2
DA:36,3
DA:40,1
DA:41,1
DA:42,3
DA:43,1
DA:44,3
DA:45,1
DA:46,2
DA:47,1
DA:48,1
DA:53,1
DA:54,1
DA:56,2
DA:58,2
DA:62,1
DA:63,2
DA:64,2
DA:66,1
DA:70,1
DA:71,2
DA:72,2
DA:74,1
DA:78,1
DA:79,1
DA:81,2
DA:83,2
DA:87,1
DA:88,2
DA:89,2
DA:91,1
DA:95,1
DA:96,2
DA:97,2
DA:99,1
DA:103,1
DA:104,1
DA:106,2
DA:107,3
DA:108,1
DA:109,1
DA:113,1
DA:117,2
DA:119,1
DA:120,3
DA:121,2
DA:122,2
DA:123,2
DA:125,3
DA:126,2
DA:128,1
DA:130,2
DA:132,2
DA:134,2
DA:136,2
DA:139,2
LF:64
LH:64
end_of_record
SF:lib/blocs/auth/signup/event.dart
DA:5,2
DA:7,0
DA:8,0
DA:14,2
DA:16,1
DA:17,2
DA:23,2
DA:25,1
DA:26,2
DA:33,2
DA:38,1
DA:39,3
LF:12
LH:10
end_of_record
SF:lib/blocs/auth/signup/state.dart
DA:4,1
DA:6,1
DA:7,1
DA:15,1
DA:17,1
DA:18,1
DA:27,1
DA:29,1
DA:30,1
DA:31,1
DA:32,1
DA:35,1
DA:36,1
LF:13
LH:13
end_of_record
SF:lib/blocs/cars/bloc.dart
DA:22,1
DA:23,2
DA:26,1
DA:27,1
DA:30,1
DA:31,1
DA:32,2
DA:33,1
DA:34,2
DA:35,1
DA:36,2
DA:37,1
DA:38,2
DA:39,1
DA:40,2
DA:44,1
DA:46,4
DA:48,2
DA:50,2
DA:53,2
DA:55,3
DA:56,1
DA:57,1
DA:58,3
DA:64,1
DA:65,2
DA:66,3
DA:67,2
DA:68,2
DA:69,3
DA:73,1
DA:74,2
DA:75,4
DA:76,5
DA:77,1
DA:78,2
DA:79,3
DA:83,1
DA:84,2
DA:85,1
DA:86,1
DA:87,6
DA:88,1
DA:89,2
DA:90,3
DA:94,1
DA:97,3
DA:98,1
DA:99,2
DA:101,2
DA:103,1
DA:105,1
DA:108,3
DA:111,3
DA:112,3
DA:113,4
DA:115,2
DA:116,1
DA:117,4
DA:119,1
DA:129,1
DA:130,2
DA:132,2
DA:133,2
DA:134,1
DA:138,7
DA:139,1
DA:141,4
DA:142,3
DA:143,1
DA:144,4
DA:146,2
DA:147,2
DA:148,1
DA:151,1
DA:153,1
DA:154,1
DA:157,1
DA:158,1
DA:159,5
DA:161,2
DA:162,1
DA:163,3
DA:167,1
DA:168,2
DA:171,1
DA:174,4
DA:178,1
DA:179,2
DA:180,1
DA:181,3
LF:91
LH:91
end_of_record
SF:lib/blocs/cars/event.dart
DA:5,2
DA:7,1
DA:8,1
DA:16,2
DA:18,1
DA:19,2
DA:21,1
DA:22,2
DA:28,2
DA:30,1
DA:31,2
DA:33,1
DA:34,2
DA:40,2
DA:42,1
DA:43,2
DA:45,1
DA:46,2
DA:52,2
DA:54,1
DA:55,2
DA:57,1
DA:58,2
LF:23
LH:23
end_of_record
SF:lib/blocs/cars/state.dart
DA:5,1
DA:7,1
DA:8,1
DA:16,1
DA:18,1
DA:19,2
DA:21,0
DA:22,0
LF:8
LH:6
end_of_record
SF:lib/repositories/write_batch_wrappers.dart
DA:7,0
DA:9,0
DA:10,0
DA:12,0
DA:14,0
LF:5
LH:0
end_of_record
SF:lib/util.dart
DA:5,0
DA:7,0
DA:8,0
DA:10,0
DA:11,0
DA:12,0
DA:15,0
DA:16,0
DA:18,0
DA:19,0
DA:21,0
DA:28,0
DA:29,0
DA:31,0
DA:38,0
DA:39,0
DA:40,0
DA:48,0
DA:49,0
DA:50,0
DA:51,0
DA:52,0
DA:61,0
DA:63,0
DA:66,0
DA:70,0
DA:71,0
DA:73,0
DA:74,0
DA:76,0
DA:77,0
DA:78,0
DA:79,0
DA:80,0
DA:83,0
DA:85,0
DA:89,0
DA:90,0
DA:94,0
DA:95,0
DA:96,0
DA:97,0
DA:99,0
DA:101,0
DA:103,0
DA:108,0
DA:111,0
DA:113,0
DA:115,0
DA:116,0
DA:117,0
DA:120,0
DA:121,0
DA:122,0
DA:123,0
DA:124,0
DA:125,0
DA:126,0
DA:127,0
DA:130,0
DA:131,0
DA:132,0
DA:133,0
DA:135,0
DA:136,0
DA:137,0
DA:138,0
DA:140,0
DA:141,0
DA:142,0
DA:143,0
DA:146,0
DA:147,0
DA:148,0
DA:149,0
DA:151,0
DA:152,0
DA:153,0
DA:154,0
DA:158,0
DA:159,0
DA:160,0
DA:166,0
DA:167,0
DA:171,2
DA:172,4
DA:173,4
DA:174,4
DA:175,4
DA:176,8
DA:179,0
DA:180,0
DA:184,0
DA:187,1
DA:188,1
DA:189,4
DA:192,0
DA:193,0
DA:194,0
LF:99
LH:9
end_of_record
SF:lib/blocs/database/bloc.dart
DA:17,1
DA:18,1
DA:20,0
DA:22,1
DA:23,1
DA:26,1
DA:27,1
DA:28,2
DA:29,1
DA:30,2
DA:31,1
DA:32,2
DA:36,1
DA:37,1
DA:38,3
DA:39,1
DA:40,1
DA:41,3
DA:47,1
DA:48,1
DA:49,1
DA:50,1
DA:52,2
DA:55,1
DA:56,2
DA:59,1
DA:61,1
DA:62,1
LF:28
LH:27
end_of_record
SF:lib/blocs/database/event.dart
DA:4,2
DA:6,1
DA:7,1
DA:15,2
DA:17,1
DA:18,2
DA:20,1
DA:21,2
LF:8
LH:8
end_of_record
SF:lib/blocs/database/state.dart
DA:5,1
DA:7,1
DA:8,1
DA:16,1
DA:18,1
DA:19,2
DA:21,0
DA:22,0
LF:8
LH:6
end_of_record
SF:lib/repositories/firebase_data_repository.dart
DA:16,1
DA:17,4
DA:18,3
DA:19,3
DA:20,3
DA:21,3
DA:23,1
DA:24,0
DA:25,0
DA:28,0
DA:30,0
DA:34,0
DA:35,0
DA:38,0
DA:40,0
DA:41,0
DA:42,0
DA:43,0
DA:47,0
DA:49,0
DA:50,0
DA:51,0
DA:54,0
DA:56,0
DA:59,0
DA:61,0
DA:64,0
DA:66,0
DA:69,0
DA:71,0
DA:72,0
DA:73,0
DA:74,0
DA:78,0
DA:80,0
DA:81,0
DA:82,0
DA:85,0
DA:87,0
DA:90,0
DA:92,0
DA:95,0
DA:97,0
DA:100,0
DA:102,0
DA:103,0
DA:104,0
DA:105,0
DA:109,0
DA:111,0
DA:112,0
DA:113,0
DA:116,0
DA:118,0
DA:121,0
DA:123,0
DA:126,0
DA:128,0
DA:131,0
DA:133,0
DA:134,0
DA:135,0
DA:136,0
DA:140,0
DA:142,0
DA:143,0
DA:144,0
DA:147,0
DA:149,0
DA:152,0
DA:154,0
DA:157,1
DA:158,8
DA:160,0
DA:162,0
DA:163,0
LF:76
LH:9
end_of_record
SF:lib/repositories/data_repository.dart
DA:56,0
DA:57,0
LF:2
LH:0
end_of_record
SF:lib/blocs/filtered_refuelings/bloc.dart
DA:13,1
DA:14,4
DA:15,1
DA:16,5
DA:21,1
DA:23,3
DA:24,1
DA:25,3
DA:28,0
DA:32,1
DA:33,1
DA:34,2
DA:35,1
DA:36,2
DA:40,1
DA:43,3
DA:44,2
DA:45,1
DA:46,3
DA:47,1
DA:49,1
DA:54,1
DA:57,2
DA:58,2
DA:60,2
DA:61,1
DA:62,3
DA:69,1
DA:71,2
DA:72,1
DA:74,1
DA:81,1
DA:84,1
DA:86,2
DA:87,1
LF:35
LH:34
end_of_record
SF:lib/blocs/filtered_refuelings/event.dart
DA:5,2
DA:11,2
DA:13,1
DA:14,2
DA:16,1
DA:17,2
DA:23,2
DA:25,1
DA:26,2
DA:28,1
DA:29,2
LF:11
LH:11
end_of_record
SF:lib/blocs/filtered_refuelings/state.dart
DA:5,2
DA:7,1
DA:8,1
DA:17,2
DA:22,2
DA:23,6
DA:25,1
DA:27,3
LF:8
LH:8
end_of_record
SF:lib/blocs/filtered_todos/bloc.dart
DA:13,2
DA:14,8
DA:15,2
DA:16,10
DA:21,2
DA:23,6
DA:24,2
DA:25,6
DA:28,0
DA:32,2
DA:33,2
DA:34,4
DA:35,2
DA:36,4
DA:40,2
DA:43,6
DA:44,4
DA:45,2
DA:46,6
DA:47,2
DA:49,2
DA:54,2
DA:57,4
DA:58,4
DA:60,4
DA:61,2
DA:62,6
DA:69,2
DA:71,4
DA:72,2
DA:74,2
DA:75,2
DA:77,2
DA:79,2
DA:82,2
DA:84,4
DA:85,2
LF:37
LH:36
end_of_record
SF:lib/blocs/filtered_todos/event.dart
DA:5,3
DA:11,3
DA:13,1
DA:14,2
DA:16,1
DA:17,2
DA:23,3
DA:25,1
DA:26,2
DA:28,1
DA:29,2
LF:11
LH:11
end_of_record
SF:lib/blocs/filtered_todos/state.dart
DA:5,3
DA:7,1
DA:8,1
DA:17,3
DA:22,3
DA:23,9
DA:25,1
DA:27,3
LF:8
LH:8
end_of_record
SF:lib/blocs/legal_text/bloc.dart
DA:15,1
DA:19,1
DA:20,2
DA:21,2
DA:22,2
DA:27,1
DA:28,2
DA:29,2
DA:30,1
DA:35,3
DA:36,1
DA:42,1
DA:43,2
DA:44,0
DA:45,0
DA:50,3
DA:51,1
DA:57,3
DA:58,1
DA:64,3
DA:65,2
DA:66,2
DA:69,1
DA:71,1
DA:73,2
DA:75,0
DA:79,4
DA:80,4
DA:83,1
DA:84,1
DA:89,1
DA:90,1
DA:92,2
DA:93,1
DA:97,2
DA:99,1
DA:102,2
DA:104,1
DA:110,1
DA:112,1
DA:113,2
DA:114,1
DA:116,2
DA:117,1
DA:118,2
DA:119,1
DA:120,1
DA:122,2
DA:124,1
DA:125,1
DA:126,1
DA:127,1
DA:128,3
DA:131,1
DA:134,3
DA:136,1
DA:141,1
DA:142,2
DA:145,2
DA:146,2
DA:147,2
DA:152,2
DA:155,1
DA:158,1
DA:160,3
DA:161,1
DA:162,1
DA:166,1
DA:168,3
DA:171,1
DA:172,2
DA:173,1
DA:175,1
DA:177,2
DA:181,2
DA:182,1
DA:184,2
DA:192,1
DA:193,1
DA:196,1
DA:206,2
DA:208,1
DA:209,1
DA:212,1
DA:213,1
DA:214,2
DA:218,1
DA:219,2
DA:220,3
DA:221,2
DA:222,2
LF:91
LH:88
end_of_record
SF:lib/blocs/legal_text/event.dart
DA:4,2
DA:6,1
DA:7,1
LF:3
LH:3
end_of_record
SF:lib/blocs/legal_text/state.dart
DA:5,1
DA:7,1
DA:8,1
DA:18,1
DA:20,1
DA:21,4
DA:23,0
DA:25,0
LF:8
LH:6
end_of_record
SF:lib/blocs/notifications/bloc.dart
DA:18,3
DA:23,3
DA:24,3
DA:25,2
DA:27,1
DA:30,1
DA:31,1
DA:33,1
DA:34,1
DA:37,1
DA:38,1
DA:39,2
DA:40,1
DA:41,2
DA:42,1
DA:43,2
DA:44,1
DA:45,2
DA:46,1
DA:47,2
DA:51,1
DA:53,4
DA:55,2
DA:57,2
DA:60,2
DA:62,1
DA:63,4
DA:64,3
DA:78,1
DA:79,3
DA:82,1
DA:83,2
DA:84,3
DA:85,3
DA:86,4
DA:88,2
DA:102,1
DA:104,3
DA:110,1
DA:111,3
DA:112,2
DA:113,3
DA:114,3
DA:115,4
DA:117,2
DA:121,1
DA:122,3
DA:126,1
DA:127,1
DA:128,1
LF:50
LH:50
end_of_record
SF:lib/blocs/notifications/event.dart
DA:5,2
DA:7,1
DA:8,1
DA:16,2
DA:18,1
DA:19,2
DA:21,1
DA:22,2
DA:29,2
DA:35,1
DA:36,4
DA:38,1
DA:39,4
DA:47,2
DA:54,1
DA:55,5
DA:57,1
DA:58,5
DA:64,2
DA:66,1
DA:67,2
DA:69,1
DA:70,2
LF:23
LH:23
end_of_record
SF:lib/blocs/notifications/state.dart
DA:4,1
DA:6,1
DA:7,1
DA:15,1
DA:17,1
DA:18,2
LF:6
LH:6
end_of_record
SF:lib/blocs/refuelings/bloc.dart
DA:24,1
DA:25,1
DA:28,1
DA:29,1
DA:32,0
DA:33,0
DA:34,0
DA:35,0
DA:36,0
DA:37,0
DA:38,0
DA:39,0
DA:40,0
DA:41,0
DA:42,0
DA:43,0
DA:44,0
DA:48,0
DA:49,0
DA:53,0
DA:54,0
DA:55,0
DA:56,0
DA:57,0
DA:66,0
DA:67,0
DA:68,0
DA:70,0
DA:72,0
DA:73,0
DA:74,0
DA:75,0
DA:78,0
DA:79,0
DA:80,0
DA:81,0
DA:83,0
DA:84,0
DA:85,0
DA:86,0
DA:92,0
DA:94,0
DA:95,0
DA:96,0
DA:97,0
DA:98,0
DA:99,0
DA:100,0
DA:106,0
DA:109,0
DA:110,0
DA:111,0
DA:112,0
DA:113,0
DA:116,0
DA:119,0
DA:120,0
DA:121,0
DA:122,0
DA:124,0
DA:125,0
DA:128,0
DA:129,0
DA:132,0
DA:133,0
DA:136,0
DA:138,0
DA:139,0
DA:140,0
LF:69
LH:4
end_of_record
SF:lib/blocs/refuelings/state.dart
DA:5,3
DA:7,0
DA:8,0
DA:16,2
DA:18,0
DA:19,0
DA:21,0
DA:22,0
LF:8
LH:2
end_of_record
SF:lib/blocs/refuelings/event.dart
DA:5,0
DA:7,0
DA:8,0
DA:16,0
DA:18,0
DA:19,0
DA:21,0
DA:22,0
DA:28,0
DA:30,0
DA:31,0
DA:33,0
DA:34,0
DA:40,0
DA:42,0
DA:43,0
DA:45,0
DA:46,0
DA:52,0
DA:54,0
DA:55,0
DA:61,0
DA:63,0
DA:64,0
LF:24
LH:0
end_of_record
SF:lib/blocs/repeating/bloc.dart
DA:32,0
DA:33,0
DA:36,0
DA:37,0
DA:40,0
DA:41,0
DA:42,0
DA:43,0
DA:44,0
DA:45,0
DA:46,0
DA:47,0
DA:48,0
DA:49,0
DA:50,0
DA:51,0
DA:52,0
DA:56,0
DA:57,0
DA:58,0
DA:59,0
DA:63,0
DA:65,0
DA:68,0
DA:69,0
DA:72,0
DA:73,0
DA:76,0
DA:77,0
DA:158,0
DA:159,0
DA:160,0
DA:161,0
DA:163,0
DA:166,0
DA:168,0
DA:169,0
DA:170,0
DA:171,0
DA:172,0
DA:174,0
DA:176,0
DA:178,0
DA:179,0
DA:184,0
DA:185,0
DA:188,0
DA:193,0
DA:195,0
DA:196,0
LF:50
LH:0
end_of_record
SF:lib/blocs/repeating/event.dart
DA:5,0
DA:7,0
DA:8,0
DA:16,0
DA:18,0
DA:19,0
DA:21,0
DA:22,0
DA:28,0
DA:30,0
DA:31,0
DA:33,0
DA:34,0
DA:40,0
DA:42,0
DA:43,0
DA:45,0
DA:46,0
DA:52,0
DA:54,0
DA:55,0
LF:21
LH:0
end_of_record
SF:lib/blocs/repeating/state.dart
DA:6,0
DA:8,0
DA:9,0
DA:20,0
DA:22,0
DA:23,0
DA:25,0
DA:26,0
LF:8
LH:0
end_of_record
SF:lib/blocs/stats/driving_distance/bloc.dart
DA:16,0
DA:17,0
DA:19,0
DA:20,0
DA:23,0
DA:24,0
DA:25,0
DA:26,0
DA:27,0
DA:31,0
DA:32,0
DA:33,0
DA:34,0
DA:35,0
DA:36,0
DA:42,0
DA:43,0
DA:44,0
DA:45,0
DA:46,0
DA:48,0
DA:49,0
DA:54,0
DA:55,0
DA:62,0
DA:63,0
DA:64,0
DA:67,0
DA:69,0
DA:70,0
LF:30
LH:0
end_of_record
SF:lib/blocs/stats/driving_distance/event.dart
DA:5,0
DA:7,0
DA:8,0
DA:16,0
DA:18,0
DA:19,0
LF:6
LH:0
end_of_record
SF:lib/blocs/stats/driving_distance/state.dart
DA:7,0
DA:9,0
DA:10,0
DA:18,0
DA:20,0
DA:21,0
DA:23,0
DA:25,0
LF:8
LH:0
end_of_record
SF:lib/blocs/stats/efficiency/bloc.dart
DA:18,0
DA:19,0
DA:21,0
DA:22,0
DA:25,0
DA:26,0
DA:27,0
DA:28,0
DA:29,0
DA:33,0
DA:34,0
DA:35,0
DA:36,0
DA:37,0
DA:38,0
DA:44,0
DA:45,0
DA:46,0
DA:47,0
DA:50,0
DA:51,0
DA:52,0
DA:53,0
DA:54,0
DA:57,0
DA:58,0
DA:59,0
DA:60,0
DA:63,0
DA:64,0
DA:65,0
DA:66,0
DA:67,0
DA:68,0
DA:69,0
DA:71,0
DA:74,0
DA:76,0
DA:78,0
DA:79,0
DA:81,0
DA:82,0
DA:85,0
DA:87,0
DA:88,0
DA:89,0
DA:90,0
DA:91,0
DA:92,0
DA:93,0
DA:95,0
DA:96,0
DA:98,0
DA:103,0
DA:105,0
DA:106,0
DA:107,0
DA:109,0
DA:113,0
DA:114,0
DA:115,0
DA:118,0
DA:120,0
DA:121,0
LF:64
LH:0
end_of_record
SF:lib/blocs/stats/efficiency/event.dart
DA:5,0
DA:7,0
DA:8,0
DA:16,0
DA:18,0
DA:19,0
LF:6
LH:0
end_of_record
SF:lib/blocs/stats/efficiency/state.dart
DA:7,0
DA:9,0
DA:10,0
DA:18,0
DA:20,0
DA:21,0
DA:23,0
DA:25,0
LF:8
LH:0
end_of_record
SF:lib/blocs/tab/bloc.dart
DA:7,0
DA:11,0
DA:12,0
DA:13,0
LF:4
LH:0
end_of_record
SF:lib/blocs/tab/event.dart
DA:5,0
DA:11,0
DA:13,0
DA:14,0
DA:16,0
DA:17,0
LF:6
LH:0
end_of_record
SF:lib/models/app_tab.dart
DA:1,115
LF:1
LH:1
end_of_record
SF:lib/blocs/todos/bloc.dart
DA:23,0
DA:28,0
DA:29,0
DA:33,0
DA:34,0
DA:37,0
DA:38,0
DA:39,0
DA:40,0
DA:41,0
DA:42,0
DA:43,0
DA:44,0
DA:45,0
DA:46,0
DA:47,0
DA:48,0
DA:49,0
DA:50,0
DA:51,0
DA:52,0
DA:53,0
DA:54,0
DA:55,0
DA:56,0
DA:57,0
DA:61,0
DA:62,0
DA:63,0
DA:64,0
DA:66,0
DA:67,0
DA:68,0
DA:69,0
DA:73,0
DA:74,0
DA:75,0
DA:76,0
DA:82,0
DA:83,0
DA:84,0
DA:85,0
DA:86,0
DA:92,0
DA:93,0
DA:94,0
DA:95,0
DA:96,0
DA:97,0
DA:98,0
DA:100,0
DA:101,0
DA:102,0
DA:103,0
DA:106,0
DA:107,0
DA:108,0
DA:109,0
DA:110,0
DA:111,0
DA:112,0
DA:113,0
DA:116,0
DA:117,0
DA:120,0
DA:121,0
DA:125,0
DA:126,0
DA:128,0
DA:131,0
DA:132,0
DA:135,0
DA:136,0
DA:137,0
DA:138,0
DA:139,0
DA:140,0
DA:141,0
DA:143,0
DA:144,0
DA:145,0
DA:146,0
DA:151,0
DA:155,0
DA:156,0
DA:159,0
DA:160,0
DA:161,0
DA:162,0
DA:163,0
DA:164,0
DA:165,0
DA:166,0
DA:167,0
DA:172,0
DA:173,0
DA:174,0
DA:176,0
DA:177,0
DA:178,0
DA:183,0
DA:184,0
DA:187,0
DA:192,0
DA:194,0
DA:195,0
DA:196,0
DA:197,0
DA:198,0
DA:200,0
DA:202,0
DA:204,0
DA:205,0
DA:210,0
DA:211,0
DA:214,0
DA:219,0
DA:221,0
DA:222,0
DA:223,0
DA:224,0
LF:121
LH:0
end_of_record
SF:lib/blocs/todos/event.dart
DA:5,0
DA:7,0
DA:8,0
DA:16,0
DA:18,0
DA:19,0
DA:21,0
DA:22,0
DA:28,0
DA:30,0
DA:31,0
DA:33,0
DA:34,0
DA:40,0
DA:42,0
DA:43,0
DA:45,0
DA:46,0
DA:56,0
DA:58,0
DA:59,0
DA:65,0
DA:67,0
DA:68,0
DA:74,0
DA:76,0
DA:77,0
DA:83,0
DA:85,0
DA:86,0
LF:30
LH:0
end_of_record
SF:lib/blocs/todos/state.dart
DA:5,2
DA:7,0
DA:8,0
DA:16,2
DA:18,0
DA:19,0
DA:21,0
DA:22,0
LF:8
LH:2
end_of_record
SF:lib/localization.dart
DA:7,0
DA:8,0
DA:14,0
DA:16,0
DA:17,0
DA:18,0
DA:19,0
DA:20,0
DA:21,0
DA:22,0
DA:23,0
DA:24,0
DA:25,0
DA:26,0
DA:27,0
DA:28,0
DA:29,0
DA:30,0
DA:31,0
DA:32,0
DA:33,0
DA:34,0
DA:35,0
DA:36,0
DA:37,0
DA:38,0
DA:39,0
DA:40,0
DA:41,0
DA:42,0
DA:43,0
DA:44,0
DA:45,0
DA:46,0
DA:47,0
DA:48,0
DA:49,0
DA:50,0
DA:51,0
DA:52,0
DA:53,0
DA:54,0
DA:55,0
DA:56,0
DA:57,0
DA:58,0
DA:59,0
DA:60,0
DA:61,0
DA:62,0
DA:63,0
DA:64,0
DA:65,0
DA:66,0
DA:67,0
DA:68,0
DA:69,0
DA:70,0
DA:71,0
DA:72,0
DA:73,0
DA:74,0
DA:75,0
DA:76,0
DA:77,0
DA:78,0
DA:79,0
DA:80,0
DA:81,0
DA:82,0
DA:83,0
DA:84,0
DA:89,0
DA:91,0
DA:93,0
DA:96,0
DA:98,0
LF:77
LH:0
end_of_record
SF:lib/entities/todo.dart
DA:12,0
DA:26,0
DA:27,0
DA:28,0
DA:29,0
DA:30,0
DA:31,0
DA:32,0
DA:33,0
DA:34,0
DA:35,0
DA:36,0
DA:37,0
DA:38,0
DA:42,0
DA:43,0
DA:44,0
DA:45,0
DA:48,0
DA:50,0
DA:51,0
DA:52,0
DA:53,0
DA:56,0
DA:57,0
DA:58,0
DA:59,0
DA:60,0
DA:61,0
DA:62,0
DA:63,0
DA:64,0
DA:65,0
DA:66,0
DA:67,0
DA:68,0
DA:72,0
DA:73,0
DA:74,0
DA:75,0
DA:76,0
DA:77,0
DA:78,0
DA:79,0
DA:80,0
DA:81,0
DA:82,0
DA:83,0
DA:84,0
DA:88,0
DA:89,0
DA:90,0
DA:91,0
DA:92,0
DA:93,0
DA:94,0
DA:95,0
DA:96,0
DA:97,0
DA:98,0
DA:99,0
LF:61
LH:0
end_of_record
SF:lib/entities/refueling.dart
DA:13,0
DA:15,0
DA:16,0
DA:17,0
DA:18,0
DA:19,0
DA:20,0
DA:21,0
DA:22,0
DA:23,0
DA:24,0
DA:25,0
DA:29,0
DA:30,0
DA:32,0
DA:34,0
DA:37,0
DA:38,0
DA:39,0
DA:40,0
DA:41,0
DA:42,0
DA:43,0
DA:44,0
DA:45,0
DA:46,0
DA:47,0
DA:51,0
DA:52,0
DA:53,0
DA:54,0
DA:55,0
DA:56,0
DA:57,0
DA:58,0
DA:59,0
DA:60,0
DA:61,0
DA:65,0
DA:66,0
DA:67,0
DA:68,0
DA:69,0
DA:70,0
DA:71,0
DA:72,0
DA:73,0
DA:74,0
LF:48
LH:0
end_of_record
SF:lib/entities/car.dart
DA:12,1
DA:23,0
DA:24,0
DA:25,0
DA:26,0
DA:27,0
DA:28,0
DA:29,0
DA:30,0
DA:31,0
DA:32,0
DA:36,0
DA:37,0
DA:39,0
DA:41,0
DA:44,0
DA:45,0
DA:46,0
DA:47,0
DA:48,0
DA:49,0
DA:50,0
DA:51,0
DA:52,0
DA:53,0
DA:57,0
DA:58,0
DA:59,0
DA:60,0
DA:61,0
DA:62,0
DA:63,0
DA:64,0
DA:65,0
DA:66,0
DA:70,1
DA:71,1
DA:72,1
DA:73,1
DA:74,1
DA:75,1
DA:76,1
DA:77,1
DA:78,1
LF:44
LH:10
end_of_record
SF:lib/entities/repeat.dart
DA:10,0
DA:12,0
DA:13,0
DA:14,0
DA:15,0
DA:16,0
DA:17,0
DA:18,0
DA:22,0
DA:23,0
DA:25,0
DA:27,0
DA:30,0
DA:31,0
DA:32,0
DA:33,0
DA:34,0
DA:35,0
DA:36,0
DA:40,0
DA:41,0
DA:42,0
DA:43,0
DA:44,0
DA:45,0
DA:46,0
DA:50,0
DA:51,0
DA:52,0
DA:53,0
DA:54,0
DA:55,0
LF:32
LH:0
end_of_record
SF:lib/models/distanceratepoint.dart
DA:7,1
DA:9,1
DA:10,3
DA:12,0
DA:13,0
LF:5
LH:3
end_of_record
SF:lib/models/todo.dart
DA:16,4
DA:30,0
DA:43,0
DA:44,0
DA:45,0
DA:46,0
DA:47,0
DA:48,0
DA:49,0
DA:50,0
DA:51,0
DA:52,0
DA:53,0
DA:54,0
DA:58,0
DA:59,0
DA:60,0
DA:62,2
DA:64,6
DA:65,6
DA:66,4
DA:67,4
DA:70,0
DA:71,0
DA:72,0
DA:75,0
DA:76,0
DA:77,0
DA:78,0
DA:79,0
DA:80,0
DA:81,0
DA:82,0
DA:83,0
DA:84,0
DA:85,0
DA:86,0
DA:87,0
LF:38
LH:6
end_of_record
SF:lib/models/visibility_filter.dart
DA:1,96
LF:1
LH:1
end_of_record
SF:lib/models/extra_action.dart
DA:1,69
LF:1
LH:1
end_of_record
SF:lib/models/todo_due_state.dart
DA:1,94
LF:1
LH:1
end_of_record
SF:lib/models/refueling.dart
DA:16,5
DA:28,0
DA:39,0
DA:40,0
DA:41,0
DA:42,0
DA:43,0
DA:44,0
DA:45,0
DA:46,0
DA:47,0
DA:48,0
DA:52,1
DA:53,10
DA:55,3
DA:57,30
DA:60,0
DA:61,0
DA:64,0
DA:65,0
DA:66,0
DA:67,0
DA:68,0
DA:69,0
DA:70,0
DA:71,0
DA:72,0
DA:73,0
DA:74,0
LF:29
LH:5
end_of_record
SF:lib/models/car.dart
DA:17,2
DA:27,4
DA:28,2
DA:30,1
DA:40,1
DA:41,1
DA:42,1
DA:43,0
DA:44,0
DA:45,1
DA:46,0
DA:47,0
DA:48,0
DA:52,2
DA:53,18
DA:55,1
DA:57,9
DA:60,1
DA:61,9
DA:64,0
DA:65,0
DA:66,0
DA:67,0
DA:68,0
DA:69,0
DA:70,0
DA:71,0
DA:72,0
DA:73,0
LF:29
LH:14
end_of_record
SF:lib/models/repeat.dart
DA:14,0
DA:22,0
DA:29,0
DA:30,0
DA:31,0
DA:32,0
DA:33,0
DA:34,0
DA:38,0
DA:39,0
DA:41,0
DA:43,0
DA:46,0
DA:47,0
DA:50,0
DA:51,0
DA:52,0
DA:53,0
DA:54,0
DA:55,0
DA:56,0
LF:21
LH:0
end_of_record
SF:lib/models/fuel_mileage_point.dart
DA:5,0
LF:1
LH:0
end_of_record
SF:lib/repositories/firebase_auth_repository.dart
DA:10,0
DA:11,0
DA:12,0
DA:14,0
DA:15,0
DA:17,0
DA:18,0
DA:19,0
DA:20,0
DA:22,0
DA:23,0
DA:26,0
DA:27,0
DA:31,0
DA:34,0
DA:35,0
DA:39,0
DA:42,0
DA:43,0
DA:44,0
DA:45,0
DA:48,0
DA:49,0
DA:50,0
DA:51,0
DA:55,0
DA:56,0
DA:57,0
DA:60,0
DA:61,0
DA:65,0
DA:66,0
DA:69,0
DA:70,0
DA:73,0
DA:74,0
DA:77,0
DA:78,0
LF:38
LH:0
end_of_record
